[debug] [2022-11-10T13:27:40.724Z] ----------------------------------------------------------------------
[debug] [2022-11-10T13:27:40.728Z] Command:       C:\Program Files\nodejs\node.exe C:\Users\USER\AppData\Roaming\npm\node_modules\firebase-tools\lib\bin\firebase.js deploy
[debug] [2022-11-10T13:27:40.729Z] CLI Version:   11.15.0
[debug] [2022-11-10T13:27:40.729Z] Platform:      win32
[debug] [2022-11-10T13:27:40.729Z] Node Version:  v18.10.0
[debug] [2022-11-10T13:27:40.739Z] Time:          Thu Nov 10 2022 19:27:40 GMT+0600 (Bangladesh Standard Time)
[debug] [2022-11-10T13:27:40.739Z] ----------------------------------------------------------------------
[debug] 
[debug] [2022-11-10T13:27:40.863Z] > command requires scopes: ["email","openid","https://www.googleapis.com/auth/cloudplatformprojects.readonly","https://www.googleapis.com/auth/firebase","https://www.googleapis.com/auth/cloud-platform"]
[debug] [2022-11-10T13:27:40.864Z] > authorizing via signed-in user (romelmahmud.dev@gmail.com)
[debug] [2022-11-10T13:27:40.864Z] [iam] checking project consult-review for permissions ["firebase.projects.get","firebasehosting.sites.update"]
[debug] [2022-11-10T13:27:40.869Z] > refreshing access token with scopes: []
[debug] [2022-11-10T13:27:40.871Z] >>> [apiv2][query] POST https://www.googleapis.com/oauth2/v3/token [none]
[debug] [2022-11-10T13:27:40.872Z] >>> [apiv2][body] POST https://www.googleapis.com/oauth2/v3/token [omitted]
[debug] [2022-11-10T13:28:00.459Z] <<< [apiv2][status] POST https://www.googleapis.com/oauth2/v3/token 200
[debug] [2022-11-10T13:28:00.459Z] <<< [apiv2][body] POST https://www.googleapis.com/oauth2/v3/token [omitted]
[debug] [2022-11-10T13:28:00.478Z] >>> [apiv2][query] POST https://cloudresourcemanager.googleapis.com/v1/projects/consult-review:testIamPermissions [none]
[debug] [2022-11-10T13:28:00.478Z] >>> [apiv2][(partial)header] POST https://cloudresourcemanager.googleapis.com/v1/projects/consult-review:testIamPermissions x-goog-quota-user=projects/consult-review
[debug] [2022-11-10T13:28:00.479Z] >>> [apiv2][body] POST https://cloudresourcemanager.googleapis.com/v1/projects/consult-review:testIamPermissions {"permissions":["firebase.projects.get","firebasehosting.sites.update"]}
[debug] [2022-11-10T13:28:05.852Z] <<< [apiv2][status] POST https://cloudresourcemanager.googleapis.com/v1/projects/consult-review:testIamPermissions 200
[debug] [2022-11-10T13:28:05.853Z] <<< [apiv2][body] POST https://cloudresourcemanager.googleapis.com/v1/projects/consult-review:testIamPermissions {"permissions":["firebase.projects.get","firebasehosting.sites.update"]}
[debug] [2022-11-10T13:28:05.857Z] >>> [apiv2][query] GET https://firebase.googleapis.com/v1beta1/projects/consult-review [none]
[debug] [2022-11-10T13:28:09.872Z] <<< [apiv2][status] GET https://firebase.googleapis.com/v1beta1/projects/consult-review 200
[debug] [2022-11-10T13:28:09.872Z] <<< [apiv2][body] GET https://firebase.googleapis.com/v1beta1/projects/consult-review {"projectId":"consult-review","projectNumber":"579959226317","displayName":"consult-review","name":"projects/consult-review","resources":{"hostingSite":"consult-review"},"state":"ACTIVE","etag":"1_698a88c9-34e5-433d-acd1-a33b71d6e774"}
[info] 
[info] === Deploying to 'consult-review'...
[info] 
[info] i  deploying hosting 
[debug] [2022-11-10T13:28:09.886Z] >>> [apiv2][query] POST https://firebasehosting.googleapis.com/v1beta1/projects/-/sites/consult-review/versions [none]
[debug] [2022-11-10T13:28:09.886Z] >>> [apiv2][body] POST https://firebasehosting.googleapis.com/v1beta1/projects/-/sites/consult-review/versions {"status":"CREATED","labels":{"deployment-tool":"cli-firebase"}}
[debug] [2022-11-10T13:28:16.611Z] <<< [apiv2][status] POST https://firebasehosting.googleapis.com/v1beta1/projects/-/sites/consult-review/versions 200
[debug] [2022-11-10T13:28:16.611Z] <<< [apiv2][body] POST https://firebasehosting.googleapis.com/v1beta1/projects/-/sites/consult-review/versions {"name":"projects/579959226317/sites/consult-review/versions/3b2d605662dcd602","status":"CREATED","config":{},"labels":{"deployment-tool":"cli-firebase"}}
[info] i  hosting[consult-review]: beginning deploy... 
[info] i  hosting[consult-review]: found 21 files in build 
[debug] [2022-11-10T13:28:16.661Z] [hosting] uploading with 200 concurrency
[debug] [2022-11-10T13:28:17.125Z] [hosting] hash cache [YnVpbGQ] stored for 21 files
[debug] [2022-11-10T13:28:17.127Z] [hosting][hash queue][FINAL] {"max":435,"min":11,"avg":49.95238095238095,"active":0,"complete":21,"success":21,"errored":0,"retried":0,"total":21,"elapsed":457}
[debug] [2022-11-10T13:28:17.128Z] >>> [apiv2][query] POST https://firebasehosting.googleapis.com/v1beta1/projects/579959226317/sites/consult-review/versions/3b2d605662dcd602:populateFiles [none]
[debug] [2022-11-10T13:28:17.128Z] >>> [apiv2][body] POST https://firebasehosting.googleapis.com/v1beta1/projects/579959226317/sites/consult-review/versions/3b2d605662dcd602:populateFiles {"files":{"/android-chrome-192x192.png":"2c3fbe725083604234771c3208fe958625030a46599a08386ba822206310c06b","/android-chrome-512x512.png":"03525ead1a1842d3e3af5e024443d0fa400f96448b4939857b854c0e1665bfef","/apple-touch-icon.png":"2bdf9501c03b932b5f2c5958ae720b02309e52898f0579b2c25d7fbaa29a02c6","/favicon-16x16.png":"bc949df6b63d3ce1eeff55b5e50338ed726da7e90fa6a2c6a37bb8c810d19749","/favicon-32x32.png":"8e4b18f2061de7bb16e2bcc076f9385cf1bcec4c4ef90a738430628fec96034e","/favicon.ico":"45ab8dc8663306d62201717f5bc8393a2350bbaf9882e2f80b8a61743200d6f1","/logo192.png":"3ee59515172ee198f3be375979df15ac5345183e656720a381b8872b2a39dc8b","/logo512.png":"ee7e2f3fdb8209c4b6fd7bef6ba50d1b9dba30a25bb5c3126df057e1cb6f5331","/manifest.json":"aff3449bdc238776f5d6d967f19ec491b36aed5fb7f23ccff6500736fd58494a","/robots.txt":"bfe106a3fb878dc83461c86818bf74fc1bdc7f28538ba613cd3e775516ce8b49","/site.webmanifest":"378695d4af8bdaf357a5e2404faa02cc43fde62b92e2cb35f19e143dea1a1816","/asset-manifest.json":"32e8d52c58592705f8a08c889a2c178b396d647e8d8d36fdce44682251e26911","/index.html":"6654b6ceac8a4b610ce4c1d14d9dcf49b71d1380d96c5913517e3a2246d1563d","/static/css/main.ce104132.css.map":"f9ec290da666eace272eb2ab759f569f8786e5c09e264cb4127d52263cfaf41b","/static/media/logo.8b868291799af6dafd5a.png":"7a8e90794e18740433dc0c6dc78cc722bd183e931470f58c3c9b80123663f97d","/static/js/main.ffa2cd4e.js.LICENSE.txt":"1d7d4726e0920a87e34bc96bb2fde00f1c86960f31f278e0a7010c0a8847aabc","/static/css/main.ce104132.css":"0dfa0c3865411ddfc1d2e501f46b39a151199e5064788e40102f3df2862ec89e","/static/media/consulting01.a4d1e0c9c2fe726e969d.jpg":"776e1f844a9341eb45e69cecddb0896ba8c0997e5cfa8973938cf865ae27e4a9","/static/media/businessman.3cf61dd56d764b6004c9.jpg":"99f8f8167c3991551cd892e8b21b8a53df35c5e337d392a255d07015589c36ba","/static/js/main.ffa2cd4e.js":"d4b2db1266bc8c8b647f91b857fb989d7d70c3fad3feb0b65f146ddd63328da7","/static/js/main.ffa2cd4e.js.map":"57a076882da866f62069d322ac91ce1063f226dbed8fb79b8454c34912094784"}}
[debug] [2022-11-10T13:28:21.061Z] <<< [apiv2][status] POST https://firebasehosting.googleapis.com/v1beta1/projects/579959226317/sites/consult-review/versions/3b2d605662dcd602:populateFiles 200
[debug] [2022-11-10T13:28:21.061Z] <<< [apiv2][body] POST https://firebasehosting.googleapis.com/v1beta1/projects/579959226317/sites/consult-review/versions/3b2d605662dcd602:populateFiles {"uploadRequiredHashes":["57a076882da866f62069d322ac91ce1063f226dbed8fb79b8454c34912094784","0dfa0c3865411ddfc1d2e501f46b39a151199e5064788e40102f3df2862ec89e","f9ec290da666eace272eb2ab759f569f8786e5c09e264cb4127d52263cfaf41b","32e8d52c58592705f8a08c889a2c178b396d647e8d8d36fdce44682251e26911","d4b2db1266bc8c8b647f91b857fb989d7d70c3fad3feb0b65f146ddd63328da7","6654b6ceac8a4b610ce4c1d14d9dcf49b71d1380d96c5913517e3a2246d1563d"],"uploadUrl":"https://upload-firebasehosting.googleapis.com/upload/sites/consult-review/versions/3b2d605662dcd602/files"}
[debug] [2022-11-10T13:28:21.066Z] >>> [apiv2][query] POST https://upload-firebasehosting.googleapis.com/upload/sites/consult-review/versions/3b2d605662dcd602/files/57a076882da866f62069d322ac91ce1063f226dbed8fb79b8454c34912094784 [none]
[debug] [2022-11-10T13:28:21.066Z] >>> [apiv2][body] POST https://upload-firebasehosting.googleapis.com/upload/sites/consult-review/versions/3b2d605662dcd602/files/57a076882da866f62069d322ac91ce1063f226dbed8fb79b8454c34912094784 [stream]
[debug] [2022-11-10T13:28:21.068Z] >>> [apiv2][query] POST https://upload-firebasehosting.googleapis.com/upload/sites/consult-review/versions/3b2d605662dcd602/files/0dfa0c3865411ddfc1d2e501f46b39a151199e5064788e40102f3df2862ec89e [none]
[debug] [2022-11-10T13:28:21.068Z] >>> [apiv2][body] POST https://upload-firebasehosting.googleapis.com/upload/sites/consult-review/versions/3b2d605662dcd602/files/0dfa0c3865411ddfc1d2e501f46b39a151199e5064788e40102f3df2862ec89e [stream]
[debug] [2022-11-10T13:28:21.070Z] >>> [apiv2][query] POST https://upload-firebasehosting.googleapis.com/upload/sites/consult-review/versions/3b2d605662dcd602/files/f9ec290da666eace272eb2ab759f569f8786e5c09e264cb4127d52263cfaf41b [none]
[debug] [2022-11-10T13:28:21.070Z] >>> [apiv2][body] POST https://upload-firebasehosting.googleapis.com/upload/sites/consult-review/versions/3b2d605662dcd602/files/f9ec290da666eace272eb2ab759f569f8786e5c09e264cb4127d52263cfaf41b [stream]
[debug] [2022-11-10T13:28:21.073Z] >>> [apiv2][query] POST https://upload-firebasehosting.googleapis.com/upload/sites/consult-review/versions/3b2d605662dcd602/files/32e8d52c58592705f8a08c889a2c178b396d647e8d8d36fdce44682251e26911 [none]
[debug] [2022-11-10T13:28:21.073Z] >>> [apiv2][body] POST https://upload-firebasehosting.googleapis.com/upload/sites/consult-review/versions/3b2d605662dcd602/files/32e8d52c58592705f8a08c889a2c178b396d647e8d8d36fdce44682251e26911 [stream]
[debug] [2022-11-10T13:28:21.075Z] >>> [apiv2][query] POST https://upload-firebasehosting.googleapis.com/upload/sites/consult-review/versions/3b2d605662dcd602/files/d4b2db1266bc8c8b647f91b857fb989d7d70c3fad3feb0b65f146ddd63328da7 [none]
[debug] [2022-11-10T13:28:21.075Z] >>> [apiv2][body] POST https://upload-firebasehosting.googleapis.com/upload/sites/consult-review/versions/3b2d605662dcd602/files/d4b2db1266bc8c8b647f91b857fb989d7d70c3fad3feb0b65f146ddd63328da7 [stream]
[debug] [2022-11-10T13:28:21.076Z] >>> [apiv2][query] POST https://upload-firebasehosting.googleapis.com/upload/sites/consult-review/versions/3b2d605662dcd602/files/6654b6ceac8a4b610ce4c1d14d9dcf49b71d1380d96c5913517e3a2246d1563d [none]
[debug] [2022-11-10T13:28:21.076Z] >>> [apiv2][body] POST https://upload-firebasehosting.googleapis.com/upload/sites/consult-review/versions/3b2d605662dcd602/files/6654b6ceac8a4b610ce4c1d14d9dcf49b71d1380d96c5913517e3a2246d1563d [stream]
[debug] [2022-11-10T13:28:21.078Z] [hosting][populate queue][FINAL] {"max":3945,"min":3945,"avg":3945,"active":0,"complete":1,"success":1,"errored":0,"retried":0,"total":1,"elapsed":3958}
[debug] [2022-11-10T13:28:21.078Z] [hosting] uploads queued: 6
[debug] [2022-11-10T13:28:26.843Z] <<< [apiv2][status] POST https://upload-firebasehosting.googleapis.com/upload/sites/consult-review/versions/3b2d605662dcd602/files/f9ec290da666eace272eb2ab759f569f8786e5c09e264cb4127d52263cfaf41b 200
[debug] [2022-11-10T13:28:26.844Z] <<< [apiv2][body] POST https://upload-firebasehosting.googleapis.com/upload/sites/consult-review/versions/3b2d605662dcd602/files/f9ec290da666eace272eb2ab759f569f8786e5c09e264cb4127d52263cfaf41b [stream]
[debug] [2022-11-10T13:28:26.918Z] <<< [apiv2][status] POST https://upload-firebasehosting.googleapis.com/upload/sites/consult-review/versions/3b2d605662dcd602/files/0dfa0c3865411ddfc1d2e501f46b39a151199e5064788e40102f3df2862ec89e 200
[debug] [2022-11-10T13:28:26.919Z] <<< [apiv2][body] POST https://upload-firebasehosting.googleapis.com/upload/sites/consult-review/versions/3b2d605662dcd602/files/0dfa0c3865411ddfc1d2e501f46b39a151199e5064788e40102f3df2862ec89e [stream]
[debug] [2022-11-10T13:28:28.171Z] <<< [apiv2][status] POST https://upload-firebasehosting.googleapis.com/upload/sites/consult-review/versions/3b2d605662dcd602/files/32e8d52c58592705f8a08c889a2c178b396d647e8d8d36fdce44682251e26911 200
[debug] [2022-11-10T13:28:28.171Z] <<< [apiv2][body] POST https://upload-firebasehosting.googleapis.com/upload/sites/consult-review/versions/3b2d605662dcd602/files/32e8d52c58592705f8a08c889a2c178b396d647e8d8d36fdce44682251e26911 [stream]
[debug] [2022-11-10T13:28:28.226Z] <<< [apiv2][status] POST https://upload-firebasehosting.googleapis.com/upload/sites/consult-review/versions/3b2d605662dcd602/files/6654b6ceac8a4b610ce4c1d14d9dcf49b71d1380d96c5913517e3a2246d1563d 200
[debug] [2022-11-10T13:28:28.228Z] <<< [apiv2][body] POST https://upload-firebasehosting.googleapis.com/upload/sites/consult-review/versions/3b2d605662dcd602/files/6654b6ceac8a4b610ce4c1d14d9dcf49b71d1380d96c5913517e3a2246d1563d [stream]
[debug] [2022-11-10T13:28:30.363Z] <<< [apiv2][status] POST https://upload-firebasehosting.googleapis.com/upload/sites/consult-review/versions/3b2d605662dcd602/files/d4b2db1266bc8c8b647f91b857fb989d7d70c3fad3feb0b65f146ddd63328da7 200
[debug] [2022-11-10T13:28:30.363Z] <<< [apiv2][body] POST https://upload-firebasehosting.googleapis.com/upload/sites/consult-review/versions/3b2d605662dcd602/files/d4b2db1266bc8c8b647f91b857fb989d7d70c3fad3feb0b65f146ddd63328da7 [stream]
[debug] [2022-11-10T13:28:32.970Z] <<< [apiv2][status] POST https://upload-firebasehosting.googleapis.com/upload/sites/consult-review/versions/3b2d605662dcd602/files/57a076882da866f62069d322ac91ce1063f226dbed8fb79b8454c34912094784 200
[debug] [2022-11-10T13:28:32.970Z] <<< [apiv2][body] POST https://upload-firebasehosting.googleapis.com/upload/sites/consult-review/versions/3b2d605662dcd602/files/57a076882da866f62069d322ac91ce1063f226dbed8fb79b8454c34912094784 [stream]
[debug] [2022-11-10T13:28:32.971Z] [hosting][upload queue][FINAL] {"max":11908,"min":5780,"avg":7852.5,"active":0,"complete":6,"success":6,"errored":0,"retried":0,"total":6,"elapsed":11909}
[info] +  hosting[consult-review]: file upload complete 
[debug] [2022-11-10T13:28:32.974Z] [hosting] deploy completed after 16358ms
[debug] [2022-11-10T13:28:32.988Z] [
  {
    "config": {
      "public": "build",
      "ignore": [
        "firebase.json",
        "**/.*",
        "**/node_modules/**"
      ],
      "rewrites": [
        {
          "source": "**",
          "destination": "/index.html"
        }
      ],
      "site": "consult-review"
    },
    "version": "projects/579959226317/sites/consult-review/versions/3b2d605662dcd602"
  }
]
[info] i  hosting[consult-review]: finalizing version... 
[debug] [2022-11-10T13:28:32.997Z] >>> [apiv2][query] PATCH https://firebasehosting.googleapis.com/v1beta1/projects/-/sites/consult-review/versions/3b2d605662dcd602 updateMask=status%2Cconfig
[debug] [2022-11-10T13:28:32.997Z] >>> [apiv2][body] PATCH https://firebasehosting.googleapis.com/v1beta1/projects/-/sites/consult-review/versions/3b2d605662dcd602 {"status":"FINALIZED","config":{"rewrites":[{"glob":"**","path":"/index.html"}]}}
[debug] [2022-11-10T13:28:38.676Z] <<< [apiv2][status] PATCH https://firebasehosting.googleapis.com/v1beta1/projects/-/sites/consult-review/versions/3b2d605662dcd602 200
[debug] [2022-11-10T13:28:38.677Z] <<< [apiv2][body] PATCH https://firebasehosting.googleapis.com/v1beta1/projects/-/sites/consult-review/versions/3b2d605662dcd602 {"name":"projects/579959226317/sites/consult-review/versions/3b2d605662dcd602","status":"FINALIZED","config":{"rewrites":[{"glob":"**","path":"/index.html"}]},"labels":{"deployment-tool":"cli-firebase"},"createTime":"2022-11-10T13:27:53.576695Z","createUser":{"email":"romelmahmud.dev@gmail.com"},"finalizeTime":"2022-11-10T13:28:15.160410Z","finalizeUser":{"email":"romelmahmud.dev@gmail.com"}}
[debug] [2022-11-10T13:28:38.677Z] [hosting] finalized version for consult-review:[object Object]
[info] +  hosting[consult-review]: version finalized 
[info] i  hosting[consult-review]: releasing new version... 
[debug] [2022-11-10T13:28:38.682Z] >>> [apiv2][query] POST https://firebasehosting.googleapis.com/v1beta1/projects/-/sites/consult-review/channels/live/releases versionName=projects%2F579959226317%2Fsites%2Fconsult-review%2Fversions%2F3b2d605662dcd602
[debug] [2022-11-10T13:28:38.682Z] >>> [apiv2][body] POST https://firebasehosting.googleapis.com/v1beta1/projects/-/sites/consult-review/channels/live/releases {}
[debug] [2022-11-10T13:28:44.104Z] <<< [apiv2][status] POST https://firebasehosting.googleapis.com/v1beta1/projects/-/sites/consult-review/channels/live/releases 200
[debug] [2022-11-10T13:28:44.105Z] <<< [apiv2][body] POST https://firebasehosting.googleapis.com/v1beta1/projects/-/sites/consult-review/channels/live/releases {"name":"projects/579959226317/sites/consult-review/channels/live/releases/1668086900548403","version":{"name":"projects/579959226317/sites/consult-review/versions/3b2d605662dcd602","status":"FINALIZED","config":{"rewrites":[{"glob":"**","path":"/index.html"}]},"labels":{"deployment-tool":"cli-firebase"},"createTime":"2022-11-10T13:27:53.576695Z","createUser":{"email":"romelmahmud.dev@gmail.com","imageUrl":"https://lh3.googleusercontent.com/a/ALm5wu3qo4jfr1cGXodphSldPYNY7W0mhFCwkNjSGIp-"},"finalizeTime":"2022-11-10T13:28:15.160410Z","finalizeUser":{"email":"romelmahmud.dev@gmail.com","imageUrl":"https://lh3.googleusercontent.com/a/ALm5wu3qo4jfr1cGXodphSldPYNY7W0mhFCwkNjSGIp-"}},"type":"DEPLOY","releaseTime":"2022-11-10T13:28:20.548403735Z","releaseUser":{"email":"romelmahmud.dev@gmail.com","imageUrl":"https://lh3.googleusercontent.com/a/ALm5wu3qo4jfr1cGXodphSldPYNY7W0mhFCwkNjSGIp-"}}
[debug] [2022-11-10T13:28:44.105Z] [hosting] release: {"name":"projects/579959226317/sites/consult-review/channels/live/releases/1668086900548403","version":{"name":"projects/579959226317/sites/consult-review/versions/3b2d605662dcd602","status":"FINALIZED","config":{"rewrites":[{"glob":"**","path":"/index.html"}]},"labels":{"deployment-tool":"cli-firebase"},"createTime":"2022-11-10T13:27:53.576695Z","createUser":{"email":"romelmahmud.dev@gmail.com","imageUrl":"https://lh3.googleusercontent.com/a/ALm5wu3qo4jfr1cGXodphSldPYNY7W0mhFCwkNjSGIp-"},"finalizeTime":"2022-11-10T13:28:15.160410Z","finalizeUser":{"email":"romelmahmud.dev@gmail.com","imageUrl":"https://lh3.googleusercontent.com/a/ALm5wu3qo4jfr1cGXodphSldPYNY7W0mhFCwkNjSGIp-"}},"type":"DEPLOY","releaseTime":"2022-11-10T13:28:20.548403735Z","releaseUser":{"email":"romelmahmud.dev@gmail.com","imageUrl":"https://lh3.googleusercontent.com/a/ALm5wu3qo4jfr1cGXodphSldPYNY7W0mhFCwkNjSGIp-"}}
[info] +  hosting[consult-review]: release complete 
[info] 
[info] +  Deploy complete! 
[info] 
[info] Project Console: https://console.firebase.google.com/project/consult-review/overview
[info] Hosting URL: https://consult-review.web.app
[debug] [2022-11-10T13:28:57.212Z] Error: Timed out.
    at Timeout.<anonymous> (C:\Users\USER\AppData\Roaming\npm\node_modules\firebase-tools\lib\utils.js:253:49)
    at listOnTimeout (node:internal/timers:564:17)
    at process.processTimers (node:internal/timers:507:7)
[error] 
[error] Error: An unexpected error has occurred.
